# JRE version: OpenJDK Runtime Environment (11.0.11+9) (build 11.0.11+9-Ubuntu-0ubuntu2.20.04)
# Java VM: OpenJDK 64-Bit Server VM (11.0.11+9-Ubuntu-0ubuntu2.20.04, mixed mode, sharing, tiered, compressed oops, g1 gc, linux-amd64)
Heap:
 garbage-first heap   total 97280K, used 25395K [0x00000000c2a00000, 0x0000000100000000)
  region size 1024K, 18 young (18432K), 1 survivors (1024K)
 Metaspace       used 17464K, capacity 17735K, committed 17920K, reserved 1064960K
  class space    used 1958K, capacity 2039K, committed 2048K, reserved 1048576K
GC Heap History (12 events):
Event: 0,750 GC heap before
{Heap before GC invocations=0 (full 0):
 garbage-first heap   total 65536K, used 7880K [0x00000000c2a00000, 0x0000000100000000)
  region size 1024K, 7 young (7168K), 0 survivors (0K)
 Metaspace       used 2979K, capacity 4961K, committed 5120K, reserved 1056768K
  class space    used 281K, capacity 484K, committed 512K, reserved 1048576K
}
Event: 0,774 GC heap after
{Heap after GC invocations=1 (full 0):
 garbage-first heap   total 65536K, used 4635K [0x00000000c2a00000, 0x0000000100000000)
  region size 1024K, 1 young (1024K), 1 survivors (1024K)
 Metaspace       used 2979K, capacity 4961K, committed 5120K, reserved 1056768K
  class space    used 281K, capacity 484K, committed 512K, reserved 1048576K
}
Event: 0,925 GC heap before
{Heap before GC invocations=1 (full 0):
 garbage-first heap   total 65536K, used 8731K [0x00000000c2a00000, 0x0000000100000000)
  region size 1024K, 5 young (5120K), 1 survivors (1024K)
 Metaspace       used 3449K, capacity 5294K, committed 5504K, reserved 1056768K
  class space    used 329K, capacity 532K, committed 640K, reserved 1048576K
}
Event: 0,941 GC heap after
{Heap after GC invocations=2 (full 0):
 garbage-first heap   total 65536K, used 5131K [0x00000000c2a00000, 0x0000000100000000)
  region size 1024K, 1 young (1024K), 1 survivors (1024K)
 Metaspace       used 3449K, capacity 5294K, committed 5504K, reserved 1056768K
  class space    used 329K, capacity 532K, committed 640K, reserved 1048576K
}
Event: 1,240 GC heap before
{Heap before GC invocations=2 (full 0):
 garbage-first heap   total 65536K, used 14347K [0x00000000c2a00000, 0x0000000100000000)
  region size 1024K, 11 young (11264K), 1 survivors (1024K)
 Metaspace       used 4591K, capacity 6179K, committed 6272K, reserved 1056768K
  class space    used 456K, capacity 635K, committed 640K, reserved 1048576K
}
Event: 1,243 GC heap after
{Heap after GC invocations=3 (full 0):
 garbage-first heap   total 65536K, used 5218K [0x00000000c2a00000, 0x0000000100000000)
  region size 1024K, 1 young (1024K), 1 survivors (1024K)
 Metaspace       used 4591K, capacity 6179K, committed 6272K, reserved 1056768K
  class space    used 456K, capacity 635K, committed 640K, reserved 1048576K
}
Event: 1,902 GC heap before
{Heap before GC invocations=3 (full 0):
 garbage-first heap   total 65536K, used 31842K [0x00000000c2a00000, 0x0000000100000000)
  region size 1024K, 27 young (27648K), 1 survivors (1024K)
 Metaspace       used 7298K, capacity 8057K, committed 8320K, reserved 1056768K
  class space    used 789K, capacity 876K, committed 896K, reserved 1048576K
}
Event: 1,930 GC heap after
{Heap after GC invocations=4 (full 0):
 garbage-first heap   total 65536K, used 5805K [0x00000000c2a00000, 0x0000000100000000)
  region size 1024K, 2 young (2048K), 2 survivors (2048K)
 Metaspace       used 7298K, capacity 8057K, committed 8320K, reserved 1056768K
  class space    used 789K, capacity 876K, committed 896K, reserved 1048576K
}
Event: 8,448 GC heap before
{Heap before GC invocations=4 (full 0):
 garbage-first heap   total 65536K, used 38573K [0x00000000c2a00000, 0x0000000100000000)
  region size 1024K, 34 young (34816K), 2 survivors (2048K)
 Metaspace       used 13381K, capacity 13660K, committed 13952K, reserved 1060864K
  class space    used 1489K, capacity 1580K, committed 1664K, reserved 1048576K
}
Event: 8,470 GC heap after
{Heap after GC invocations=5 (full 0):
 garbage-first heap   total 65536K, used 8512K [0x00000000c2a00000, 0x0000000100000000)
  region size 1024K, 4 young (4096K), 4 survivors (4096K)
 Metaspace       used 13381K, capacity 13660K, committed 13952K, reserved 1060864K
  class space    used 1489K, capacity 1580K, committed 1664K, reserved 1048576K
}
Event: 9,361 GC heap before
{Heap before GC invocations=5 (full 0):
 garbage-first heap   total 65536K, used 42304K [0x00000000c2a00000, 0x0000000100000000)
  region size 1024K, 37 young (37888K), 4 survivors (4096K)
 Metaspace       used 16008K, capacity 16328K, committed 16768K, reserved 1064960K
  class space    used 1775K, capacity 1872K, committed 1920K, reserved 1048576K
}
Event: 9,391 GC heap after
{Heap after GC invocations=6 (full 0):
 garbage-first heap   total 97280K, used 9011K [0x00000000c2a00000, 0x0000000100000000)
  region size 1024K, 1 young (1024K), 1 survivors (1024K)
 Metaspace       used 16008K, capacity 16328K, committed 16768K, reserved 1064960K
  class space    used 1775K, capacity 1872K, committed 1920K, reserved 1048576K
}

